<?xml version="1.0" encoding="UTF-8"?>
<!-- Generated by org.testng.reporters.JUnitReportReporter -->
<testsuite hostname="DESKTOP-GALQRG5" failures="0" tests="1" name="AssignmentWingify.WingifyTest" time="2.997" errors="0" timestamp="2023-01-19T09:45:10 IST" skipped="0">
  <testcase classname="AssignmentWingify.WingifyTest" name="verifyAmount" time="2.997"/>
  <system-out/>
</testsuite> <!-- AssignmentWingify.WingifyTest -->
