<?xml version="1.0" encoding="UTF-8"?>
<!-- Generated by org.testng.reporters.JUnitReportReporter -->
<testsuite hostname="DESKTOP-D0JLFQF" failures="0" tests="1" name="AssignmentWingify.ClassTest1" time="18.566" errors="0" timestamp="2023-01-27T17:53:40 IST" skipped="0">
  <testcase classname="AssignmentWingify.ClassTest1" name="VerifyPrice" time="18.566"/>
  <system-out/>
</testsuite> <!-- AssignmentWingify.ClassTest1 -->
