<?xml version="1.0" encoding="UTF-8"?>
<!-- Generated by org.testng.reporters.JUnitReportReporter -->
<testsuite hostname="DESKTOP-D0JLFQF" failures="0" tests="1" name="AssignmentWingify.TestClass1" time="21.023" errors="0" timestamp="2023-01-20T18:10:49 IST" skipped="0">
  <testcase classname="AssignmentWingify.TestClass1" name="VerifyPrice" time="21.023"/>
  <system-out/>
</testsuite> <!-- AssignmentWingify.TestClass1 -->
